[13:21:39] ERROR - [org.apache.thrift.server.TSimpleServer.serve(TSimpleServer.java:93)] - Error occurred during processing of message.
java.lang.NullPointerException
	at org.apache.thrift.protocol.TBinaryProtocol.writeString(TBinaryProtocol.java:200)
	at kmv.thrift.ThriftWebServer$getStudentAtIndex_result$getStudentAtIndex_resultStandardScheme.write(ThriftWebServer.java:6051)
	at kmv.thrift.ThriftWebServer$getStudentAtIndex_result$getStudentAtIndex_resultStandardScheme.write(ThriftWebServer.java:6000)
	at kmv.thrift.ThriftWebServer$getStudentAtIndex_result.write(ThriftWebServer.java:5954)
	at org.apache.thrift.ProcessFunction.process(ProcessFunction.java:53)
	at org.apache.thrift.TBaseProcessor.process(TBaseProcessor.java:39)
	at org.apache.thrift.server.TSimpleServer.serve(TSimpleServer.java:80)
	at kmv.thrift.ThriftServerRunner.simple(ThriftServerRunner.java:38)
	at kmv.thrift.ThriftServerRunner$1.run(ThriftServerRunner.java:22)
	at java.lang.Thread.run(Thread.java:745)
[13:21:39] WARN - [org.apache.thrift.transport.TIOStreamTransport.close(TIOStreamTransport.java:112)] - Error closing output stream.
java.net.SocketException: Socket closed
	at java.net.SocketOutputStream.socketWrite(SocketOutputStream.java:116)
	at java.net.SocketOutputStream.write(SocketOutputStream.java:153)
	at java.io.BufferedOutputStream.flushBuffer(BufferedOutputStream.java:82)
	at java.io.BufferedOutputStream.flush(BufferedOutputStream.java:140)
	at java.io.FilterOutputStream.close(FilterOutputStream.java:158)
	at org.apache.thrift.transport.TIOStreamTransport.close(TIOStreamTransport.java:110)
	at org.apache.thrift.transport.TSocket.close(TSocket.java:235)
	at org.apache.thrift.server.TSimpleServer.serve(TSimpleServer.java:102)
	at kmv.thrift.ThriftServerRunner.simple(ThriftServerRunner.java:38)
	at kmv.thrift.ThriftServerRunner$1.run(ThriftServerRunner.java:22)
	at java.lang.Thread.run(Thread.java:745)
